1: O 1: started
2: H 3: started
3: O 3: started
4: H 1: started
5: H 2: started
6: H 4: started
7: O 1: going to queue
8: O 2: started
9: H 5: started
10: H 6: started
11: H 3: going to queue
12: O 3: going to queue
13: H 1: going to queue
14: H 1: creating molecule 1
15: H 3: creating molecule 1
16: O 1: creating molecule 1
17: O 1: molecule 1 created
18: H 1: molecule 1 created
19: H 3: molecule 1 created
20: H 2: going to queue
21: H 4: going to queue
22: H 4: creating molecule 2
23: H 2: creating molecule 2
24: O 3: creating molecule 2
25: O 3: molecule 2 created
26: H 4: molecule 2 created
27: H 2: molecule 2 created
28: O 2: going to queue
29: H 5: going to queue
30: H 6: going to queue
31: H 6: creating molecule 3
32: H 5: creating molecule 3
33: O 2: creating molecule 3
34: O 2: molecule 3 created
35: H 6: molecule 3 created
36: H 5: molecule 3 created
